1609345625.572755 client started (36184): version 3.1, socket /tmp/tmux-1000/default, protocol 8
1609345625.572779 on Linux 5.8.15-301.fc33.x86_64 #1 SMP Thu Oct 15 16:58:06 UTC 2020; libevent 2.1.8-stable (poll)
1609345625.572795 socket is /tmp/tmux-1000/default
1609345625.572811 trying connect
1609345625.572859 add peer 0x560b70930cf0: 6 ((nil))
1609345625.572913 sending message 100 to peer 0x560b70930cf0 (4 bytes)
1609345625.572919 sending message 101 to peer 0x560b70930cf0 (15 bytes)
1609345625.572922 sending message 102 to peer 0x560b70930cf0 (11 bytes)
1609345625.572925 sending message 108 to peer 0x560b70930cf0 (26 bytes)
1609345625.572928 sending message 104 to peer 0x560b70930cf0 (0 bytes)
1609345625.572932 sending message 107 to peer 0x560b70930cf0 (4 bytes)
1609345625.572935 sending message 105 to peer 0x560b70930cf0 (20 bytes)
1609345625.572938 sending message 105 to peer 0x560b70930cf0 (54 bytes)
1609345625.572941 sending message 105 to peer 0x560b70930cf0 (22 bytes)
1609345625.572944 sending message 105 to peer 0x560b70930cf0 (11 bytes)
1609345625.572947 sending message 105 to peer 0x560b70930cf0 (12 bytes)
1609345625.572950 sending message 105 to peer 0x560b70930cf0 (783 bytes)
1609345625.572962 sending message 105 to peer 0x560b70930cf0 (17 bytes)
1609345625.572966 sending message 105 to peer 0x560b70930cf0 (21 bytes)
1609345625.572969 sending message 105 to peer 0x560b70930cf0 (24 bytes)
1609345625.572972 sending message 105 to peer 0x560b70930cf0 (33 bytes)
1609345625.572975 sending message 105 to peer 0x560b70930cf0 (23 bytes)
1609345625.572978 sending message 105 to peer 0x560b70930cf0 (86 bytes)
1609345625.572981 sending message 105 to peer 0x560b70930cf0 (30 bytes)
1609345625.572984 sending message 105 to peer 0x560b70930cf0 (23 bytes)
1609345625.572987 sending message 105 to peer 0x560b70930cf0 (16 bytes)
1609345625.572990 sending message 105 to peer 0x560b70930cf0 (21 bytes)
1609345625.572993 sending message 105 to peer 0x560b70930cf0 (16 bytes)
1609345625.572996 sending message 105 to peer 0x560b70930cf0 (17 bytes)
1609345625.573000 sending message 105 to peer 0x560b70930cf0 (35 bytes)
1609345625.573003 sending message 105 to peer 0x560b70930cf0 (18 bytes)
1609345625.573006 sending message 105 to peer 0x560b70930cf0 (1525 bytes)
1609345625.573010 sending message 105 to peer 0x560b70930cf0 (31 bytes)
1609345625.573013 sending message 105 to peer 0x560b70930cf0 (29 bytes)
1609345625.573016 sending message 105 to peer 0x560b70930cf0 (23 bytes)
1609345625.573019 sending message 105 to peer 0x560b70930cf0 (307 bytes)
1609345625.573022 sending message 105 to peer 0x560b70930cf0 (10 bytes)
1609345625.573025 sending message 105 to peer 0x560b70930cf0 (142 bytes)
1609345625.573028 sending message 105 to peer 0x560b70930cf0 (30 bytes)
1609345625.573031 sending message 105 to peer 0x560b70930cf0 (18 bytes)
1609345625.573034 sending message 105 to peer 0x560b70930cf0 (34 bytes)
1609345625.573037 sending message 105 to peer 0x560b70930cf0 (16 bytes)
1609345625.573041 sending message 105 to peer 0x560b70930cf0 (78 bytes)
1609345625.573044 sending message 105 to peer 0x560b70930cf0 (15 bytes)
1609345625.573047 sending message 105 to peer 0x560b70930cf0 (8 bytes)
1609345625.573050 sending message 105 to peer 0x560b70930cf0 (83 bytes)
1609345625.573053 sending message 105 to peer 0x560b70930cf0 (25 bytes)
1609345625.573056 sending message 105 to peer 0x560b70930cf0 (41 bytes)
1609345625.573059 sending message 105 to peer 0x560b70930cf0 (20 bytes)
1609345625.573062 sending message 105 to peer 0x560b70930cf0 (36 bytes)
1609345625.573065 sending message 105 to peer 0x560b70930cf0 (13 bytes)
1609345625.573068 sending message 105 to peer 0x560b70930cf0 (56 bytes)
1609345625.573071 sending message 105 to peer 0x560b70930cf0 (15 bytes)
1609345625.573074 sending message 105 to peer 0x560b70930cf0 (19 bytes)
1609345625.573077 sending message 105 to peer 0x560b70930cf0 (17 bytes)
1609345625.573080 sending message 105 to peer 0x560b70930cf0 (26 bytes)
1609345625.573083 sending message 105 to peer 0x560b70930cf0 (54 bytes)
1609345625.573086 sending message 105 to peer 0x560b70930cf0 (26 bytes)
1609345625.573098 sending message 105 to peer 0x560b70930cf0 (124 bytes)
1609345625.573102 sending message 105 to peer 0x560b70930cf0 (23 bytes)
1609345625.573105 sending message 105 to peer 0x560b70930cf0 (31 bytes)
1609345625.573108 sending message 105 to peer 0x560b70930cf0 (23 bytes)
1609345625.573112 sending message 105 to peer 0x560b70930cf0 (26 bytes)
1609345625.573115 sending message 105 to peer 0x560b70930cf0 (25 bytes)
1609345625.573118 sending message 105 to peer 0x560b70930cf0 (20 bytes)
1609345625.573121 sending message 105 to peer 0x560b70930cf0 (47 bytes)
1609345625.573124 sending message 105 to peer 0x560b70930cf0 (55 bytes)
1609345625.573127 sending message 105 to peer 0x560b70930cf0 (60 bytes)
1609345625.573130 sending message 105 to peer 0x560b70930cf0 (46 bytes)
1609345625.573133 sending message 105 to peer 0x560b70930cf0 (44 bytes)
1609345625.573137 sending message 105 to peer 0x560b70930cf0 (46 bytes)
1609345625.573140 sending message 105 to peer 0x560b70930cf0 (29 bytes)
1609345625.573143 sending message 105 to peer 0x560b70930cf0 (29 bytes)
1609345625.573146 sending message 105 to peer 0x560b70930cf0 (21 bytes)
1609345625.573149 sending message 105 to peer 0x560b70930cf0 (51 bytes)
1609345625.573153 sending message 105 to peer 0x560b70930cf0 (44 bytes)
1609345625.573156 sending message 105 to peer 0x560b70930cf0 (21 bytes)
1609345625.573159 sending message 105 to peer 0x560b70930cf0 (21 bytes)
1609345625.573162 sending message 105 to peer 0x560b70930cf0 (16 bytes)
1609345625.573165 sending message 105 to peer 0x560b70930cf0 (61 bytes)
1609345625.573168 sending message 105 to peer 0x560b70930cf0 (25 bytes)
1609345625.573171 sending message 105 to peer 0x560b70930cf0 (38 bytes)
1609345625.573174 sending message 105 to peer 0x560b70930cf0 (35 bytes)
1609345625.573178 sending message 105 to peer 0x560b70930cf0 (42 bytes)
1609345625.573181 sending message 105 to peer 0x560b70930cf0 (21 bytes)
1609345625.573184 sending message 105 to peer 0x560b70930cf0 (109 bytes)
1609345625.573187 sending message 105 to peer 0x560b70930cf0 (70 bytes)
1609345625.573191 sending message 105 to peer 0x560b70930cf0 (17 bytes)
1609345625.573194 sending message 106 to peer 0x560b70930cf0 (0 bytes)
1609345625.573197 sending message 200 to peer 0x560b70930cf0 (4 bytes)
1609345625.573200 client loop enter
1609345625.573398 peer 0x560b70930cf0 message 303
1609345625.573408 open write file 2 -
1609345625.573414 sending message 305 to peer 0x560b70930cf0 (8 bytes)
1609345625.573461 peer 0x560b70930cf0 message 304
1609345625.573466 write 58 to file 2
1609345625.573469 peer 0x560b70930cf0 message 203
1609345625.573473 file 2 58 bytes left
1609345625.573484 client loop exit
